{"/Users/kellichatelain/Library/Mobile Documents/com~apple~CloudDocs/Code The Dream/node-homework/app.js": {"path":"/Users/kellichatelain/Library/Mobile Documents/com~apple~CloudDocs/Code The Dream/node-homework/app.js","statementMap":{"0":{"start":{"line":1,"column":16},"end":{"line":1,"column":34}},"1":{"start":{"line":2,"column":19},"end":{"line":2,"column":52}},"2":{"start":{"line":3,"column":17},"end":{"line":3,"column":53}},"3":{"start":{"line":4,"column":21},"end":{"line":4,"column":61}},"4":{"start":{"line":5,"column":22},"end":{"line":5,"column":62}},"5":{"start":{"line":6,"column":19},"end":{"line":6,"column":52}},"6":{"start":{"line":7,"column":24},"end":{"line":7,"column":62}},"7":{"start":{"line":9,"column":12},"end":{"line":9,"column":21}},"8":{"start":{"line":11,"column":15},"end":{"line":11,"column":40}},"9":{"start":{"line":12,"column":0},"end":{"line":12,"column":26}},"10":{"start":{"line":13,"column":15},"end":{"line":13,"column":32}},"11":{"start":{"line":14,"column":16},"end":{"line":14,"column":48}},"12":{"start":{"line":15,"column":20},"end":{"line":15,"column":49}},"13":{"start":{"line":17,"column":0},"end":{"line":22,"column":2}},"14":{"start":{"line":24,"column":0},"end":{"line":24,"column":24}},"15":{"start":{"line":26,"column":21},"end":{"line":26,"column":45}},"16":{"start":{"line":27,"column":0},"end":{"line":27,"column":24}},"17":{"start":{"line":29,"column":0},"end":{"line":29,"column":18}},"18":{"start":{"line":31,"column":0},"end":{"line":31,"column":15}},"19":{"start":{"line":33,"column":0},"end":{"line":35,"column":3}},"20":{"start":{"line":34,"column":2},"end":{"line":34,"column":28}},"21":{"start":{"line":37,"column":0},"end":{"line":41,"column":3}},"22":{"start":{"line":38,"column":2},"end":{"line":40,"column":5}},"23":{"start":{"line":43,"column":0},"end":{"line":52,"column":3}},"24":{"start":{"line":44,"column":2},"end":{"line":51,"column":3}},"25":{"start":{"line":45,"column":4},"end":{"line":45,"column":37}},"26":{"start":{"line":46,"column":4},"end":{"line":46,"column":48}},"27":{"start":{"line":48,"column":4},"end":{"line":50,"column":74}},"28":{"start":{"line":54,"column":0},"end":{"line":54,"column":34}},"29":{"start":{"line":56,"column":0},"end":{"line":56,"column":49}},"30":{"start":{"line":58,"column":0},"end":{"line":58,"column":58}},"31":{"start":{"line":64,"column":0},"end":{"line":64,"column":18}},"32":{"start":{"line":66,"column":0},"end":{"line":66,"column":22}},"33":{"start":{"line":68,"column":13},"end":{"line":68,"column":37}},"34":{"start":{"line":70,"column":15},"end":{"line":72,"column":2}},"35":{"start":{"line":71,"column":2},"end":{"line":71,"column":56}},"36":{"start":{"line":74,"column":0},"end":{"line":81,"column":3}},"37":{"start":{"line":75,"column":2},"end":{"line":79,"column":3}},"38":{"start":{"line":76,"column":4},"end":{"line":76,"column":53}},"39":{"start":{"line":78,"column":4},"end":{"line":78,"column":40}},"40":{"start":{"line":80,"column":2},"end":{"line":80,"column":18}},"41":{"start":{"line":84,"column":21},"end":{"line":84,"column":26}},"42":{"start":{"line":87,"column":2},"end":{"line":87,"column":29}},"43":{"start":{"line":87,"column":22},"end":{"line":87,"column":29}},"44":{"start":{"line":88,"column":2},"end":{"line":88,"column":24}},"45":{"start":{"line":90,"column":2},"end":{"line":90,"column":45}},"46":{"start":{"line":92,"column":2},"end":{"line":108,"column":3}},"47":{"start":{"line":93,"column":4},"end":{"line":98,"column":7}},"48":{"start":{"line":94,"column":6},"end":{"line":97,"column":9}},"49":{"start":{"line":95,"column":8},"end":{"line":96,"column":23}},"50":{"start":{"line":95,"column":17},"end":{"line":95,"column":29}},"51":{"start":{"line":96,"column":13},"end":{"line":96,"column":23}},"52":{"start":{"line":99,"column":4},"end":{"line":99,"column":39}},"53":{"start":{"line":101,"column":4},"end":{"line":101,"column":31}},"54":{"start":{"line":102,"column":4},"end":{"line":102,"column":39}},"55":{"start":{"line":104,"column":4},"end":{"line":104,"column":49}},"56":{"start":{"line":105,"column":4},"end":{"line":105,"column":13}},"57":{"start":{"line":107,"column":4},"end":{"line":107,"column":23}},"58":{"start":{"line":111,"column":0},"end":{"line":111,"column":40}},"59":{"start":{"line":111,"column":27},"end":{"line":111,"column":38}},"60":{"start":{"line":112,"column":0},"end":{"line":112,"column":41}},"61":{"start":{"line":112,"column":28},"end":{"line":112,"column":39}},"62":{"start":{"line":114,"column":0},"end":{"line":114,"column":33}}},"fnMap":{"0":{"name":"(anonymous_0)","decl":{"start":{"line":33,"column":13},"end":{"line":33,"column":14}},"loc":{"start":{"line":33,"column":27},"end":{"line":35,"column":1}},"line":33},"1":{"name":"(anonymous_1)","decl":{"start":{"line":37,"column":22},"end":{"line":37,"column":23}},"loc":{"start":{"line":37,"column":36},"end":{"line":41,"column":1}},"line":37},"2":{"name":"(anonymous_2)","decl":{"start":{"line":43,"column":19},"end":{"line":43,"column":20}},"loc":{"start":{"line":43,"column":39},"end":{"line":52,"column":1}},"line":43},"3":{"name":"(anonymous_3)","decl":{"start":{"line":70,"column":32},"end":{"line":70,"column":33}},"loc":{"start":{"line":70,"column":38},"end":{"line":72,"column":1}},"line":70},"4":{"name":"(anonymous_4)","decl":{"start":{"line":74,"column":19},"end":{"line":74,"column":20}},"loc":{"start":{"line":74,"column":28},"end":{"line":81,"column":1}},"line":74},"5":{"name":"shutdown","decl":{"start":{"line":86,"column":15},"end":{"line":86,"column":23}},"loc":{"start":{"line":86,"column":34},"end":{"line":109,"column":1}},"line":86},"6":{"name":"(anonymous_6)","decl":{"start":{"line":93,"column":22},"end":{"line":93,"column":23}},"loc":{"start":{"line":93,"column":43},"end":{"line":98,"column":5}},"line":93},"7":{"name":"(anonymous_7)","decl":{"start":{"line":94,"column":19},"end":{"line":94,"column":20}},"loc":{"start":{"line":94,"column":28},"end":{"line":97,"column":7}},"line":94},"8":{"name":"(anonymous_8)","decl":{"start":{"line":111,"column":21},"end":{"line":111,"column":22}},"loc":{"start":{"line":111,"column":27},"end":{"line":111,"column":38}},"line":111},"9":{"name":"(anonymous_9)","decl":{"start":{"line":112,"column":22},"end":{"line":112,"column":23}},"loc":{"start":{"line":112,"column":28},"end":{"line":112,"column":39}},"line":112}},"branchMap":{"0":{"loc":{"start":{"line":68,"column":13},"end":{"line":68,"column":37}},"type":"binary-expr","locations":[{"start":{"line":68,"column":13},"end":{"line":68,"column":29}},{"start":{"line":68,"column":33},"end":{"line":68,"column":37}}],"line":68},"1":{"loc":{"start":{"line":75,"column":2},"end":{"line":79,"column":3}},"type":"if","locations":[{"start":{"line":75,"column":2},"end":{"line":79,"column":3}},{"start":{"line":77,"column":9},"end":{"line":79,"column":3}}],"line":75},"2":{"loc":{"start":{"line":86,"column":24},"end":{"line":86,"column":32}},"type":"default-arg","locations":[{"start":{"line":86,"column":31},"end":{"line":86,"column":32}}],"line":86},"3":{"loc":{"start":{"line":87,"column":2},"end":{"line":87,"column":29}},"type":"if","locations":[{"start":{"line":87,"column":2},"end":{"line":87,"column":29}},{"start":{},"end":{}}],"line":87},"4":{"loc":{"start":{"line":95,"column":8},"end":{"line":96,"column":23}},"type":"if","locations":[{"start":{"line":95,"column":8},"end":{"line":96,"column":23}},{"start":{"line":96,"column":13},"end":{"line":96,"column":23}}],"line":95}},"s":{"0":1,"1":1,"2":1,"3":1,"4":1,"5":1,"6":1,"7":1,"8":1,"9":1,"10":1,"11":1,"12":1,"13":1,"14":1,"15":1,"16":1,"17":1,"18":1,"19":1,"20":0,"21":1,"22":0,"23":1,"24":0,"25":0,"26":0,"27":0,"28":1,"29":1,"30":1,"31":1,"32":1,"33":1,"34":1,"35":1,"36":1,"37":0,"38":0,"39":0,"40":0,"41":1,"42":0,"43":0,"44":0,"45":0,"46":0,"47":0,"48":0,"49":0,"50":0,"51":0,"52":0,"53":0,"54":0,"55":0,"56":0,"57":0,"58":1,"59":0,"60":1,"61":0,"62":1},"f":{"0":0,"1":0,"2":0,"3":1,"4":0,"5":0,"6":0,"7":0,"8":0,"9":0},"b":{"0":[1,1],"1":[0,0],"2":[0],"3":[0,0],"4":[0,0]},"_coverageSchema":"1a1c01bbd47fc00a2c39e90264f33305004495a9","hash":"a2669e9bf679afbc9892229506d736f4df6dbe56"}
,"/Users/kellichatelain/Library/Mobile Documents/com~apple~CloudDocs/Code The Dream/node-homework/controllers/analyticsController.js": {"path":"/Users/kellichatelain/Library/Mobile Documents/com~apple~CloudDocs/Code The Dream/node-homework/controllers/analyticsController.js","statementMap":{"0":{"start":{"line":1,"column":15},"end":{"line":1,"column":41}},"1":{"start":{"line":5,"column":17},"end":{"line":5,"column":40}},"2":{"start":{"line":6,"column":2},"end":{"line":9,"column":3}},"3":{"start":{"line":8,"column":4},"end":{"line":8,"column":64}},"4":{"start":{"line":11,"column":15},"end":{"line":14,"column":4}},"5":{"start":{"line":16,"column":2},"end":{"line":18,"column":3}},"6":{"start":{"line":17,"column":4},"end":{"line":17,"column":64}},"7":{"start":{"line":21,"column":20},"end":{"line":27,"column":4}},"8":{"start":{"line":30,"column":22},"end":{"line":45,"column":4}},"9":{"start":{"line":51,"column":21},"end":{"line":51,"column":31}},"10":{"start":{"line":52,"column":2},"end":{"line":52,"column":47}},"11":{"start":{"line":55,"column":25},"end":{"line":62,"column":4}},"12":{"start":{"line":65,"column":2},"end":{"line":69,"column":5}},"13":{"start":{"line":75,"column":15},"end":{"line":75,"column":44}},"14":{"start":{"line":76,"column":16},"end":{"line":76,"column":47}},"15":{"start":{"line":78,"column":2},"end":{"line":82,"column":3}},"16":{"start":{"line":79,"column":4},"end":{"line":81,"column":7}},"17":{"start":{"line":84,"column":15},"end":{"line":84,"column":33}},"18":{"start":{"line":89,"column":19},"end":{"line":105,"column":4}},"19":{"start":{"line":108,"column":16},"end":{"line":115,"column":5}},"20":{"start":{"line":108,"column":40},"end":{"line":115,"column":3}},"21":{"start":{"line":119,"column":21},"end":{"line":119,"column":46}},"22":{"start":{"line":123,"column":21},"end":{"line":130,"column":3}},"23":{"start":{"line":132,"column":2},"end":{"line":135,"column":5}},"24":{"start":{"line":139,"column":22},"end":{"line":139,"column":33}},"25":{"start":{"line":141,"column":2},"end":{"line":145,"column":3}},"26":{"start":{"line":142,"column":4},"end":{"line":144,"column":7}},"27":{"start":{"line":149,"column":16},"end":{"line":149,"column":37}},"28":{"start":{"line":153,"column":24},"end":{"line":153,"column":42}},"29":{"start":{"line":154,"column":21},"end":{"line":154,"column":32}},"30":{"start":{"line":155,"column":21},"end":{"line":155,"column":38}},"31":{"start":{"line":159,"column":24},"end":{"line":181,"column":1}},"32":{"start":{"line":186,"column":2},"end":{"line":191,"column":5}},"33":{"start":{"line":194,"column":0},"end":{"line":194,"column":70}}},"fnMap":{"0":{"name":"getUserAnalytics","decl":{"start":{"line":3,"column":15},"end":{"line":3,"column":31}},"loc":{"start":{"line":3,"column":42},"end":{"line":70,"column":1}},"line":3},"1":{"name":"getUsersWithStats","decl":{"start":{"line":72,"column":15},"end":{"line":72,"column":32}},"loc":{"start":{"line":72,"column":43},"end":{"line":136,"column":1}},"line":72},"2":{"name":"(anonymous_2)","decl":{"start":{"line":108,"column":29},"end":{"line":108,"column":30}},"loc":{"start":{"line":108,"column":40},"end":{"line":115,"column":3}},"line":108},"3":{"name":"searchTasks","decl":{"start":{"line":138,"column":15},"end":{"line":138,"column":26}},"loc":{"start":{"line":138,"column":43},"end":{"line":192,"column":1}},"line":138}},"branchMap":{"0":{"loc":{"start":{"line":6,"column":2},"end":{"line":9,"column":3}},"type":"if","locations":[{"start":{"line":6,"column":2},"end":{"line":9,"column":3}},{"start":{},"end":{}}],"line":6},"1":{"loc":{"start":{"line":16,"column":2},"end":{"line":18,"column":3}},"type":"if","locations":[{"start":{"line":16,"column":2},"end":{"line":18,"column":3}},{"start":{},"end":{}}],"line":16},"2":{"loc":{"start":{"line":75,"column":15},"end":{"line":75,"column":44}},"type":"binary-expr","locations":[{"start":{"line":75,"column":15},"end":{"line":75,"column":39}},{"start":{"line":75,"column":43},"end":{"line":75,"column":44}}],"line":75},"3":{"loc":{"start":{"line":76,"column":16},"end":{"line":76,"column":47}},"type":"binary-expr","locations":[{"start":{"line":76,"column":16},"end":{"line":76,"column":41}},{"start":{"line":76,"column":45},"end":{"line":76,"column":47}}],"line":76},"4":{"loc":{"start":{"line":78,"column":2},"end":{"line":82,"column":3}},"type":"if","locations":[{"start":{"line":78,"column":2},"end":{"line":82,"column":3}},{"start":{},"end":{}}],"line":78},"5":{"loc":{"start":{"line":78,"column":6},"end":{"line":78,"column":73}},"type":"binary-expr","locations":[{"start":{"line":78,"column":6},"end":{"line":78,"column":17}},{"start":{"line":78,"column":21},"end":{"line":78,"column":33}},{"start":{"line":78,"column":37},"end":{"line":78,"column":45}},{"start":{"line":78,"column":49},"end":{"line":78,"column":58}},{"start":{"line":78,"column":62},"end":{"line":78,"column":73}}],"line":78},"6":{"loc":{"start":{"line":141,"column":2},"end":{"line":145,"column":3}},"type":"if","locations":[{"start":{"line":141,"column":2},"end":{"line":145,"column":3}},{"start":{},"end":{}}],"line":141},"7":{"loc":{"start":{"line":141,"column":6},"end":{"line":141,"column":51}},"type":"binary-expr","locations":[{"start":{"line":141,"column":6},"end":{"line":141,"column":18}},{"start":{"line":141,"column":22},"end":{"line":141,"column":51}}],"line":141},"8":{"loc":{"start":{"line":149,"column":16},"end":{"line":149,"column":37}},"type":"binary-expr","locations":[{"start":{"line":149,"column":16},"end":{"line":149,"column":31}},{"start":{"line":149,"column":35},"end":{"line":149,"column":37}}],"line":149}},"s":{"0":1,"1":0,"2":0,"3":0,"4":0,"5":0,"6":0,"7":0,"8":0,"9":0,"10":0,"11":0,"12":0,"13":0,"14":0,"15":0,"16":0,"17":0,"18":0,"19":0,"20":0,"21":0,"22":0,"23":0,"24":0,"25":0,"26":0,"27":0,"28":0,"29":0,"30":0,"31":0,"32":0,"33":1},"f":{"0":0,"1":0,"2":0,"3":0},"b":{"0":[0,0],"1":[0,0],"2":[0,0],"3":[0,0],"4":[0,0],"5":[0,0,0,0,0],"6":[0,0],"7":[0,0],"8":[0,0]},"_coverageSchema":"1a1c01bbd47fc00a2c39e90264f33305004495a9","hash":"c0499e91f70924948877d68e117827efcd9a9980"}
,"/Users/kellichatelain/Library/Mobile Documents/com~apple~CloudDocs/Code The Dream/node-homework/controllers/taskController.js": {"path":"/Users/kellichatelain/Library/Mobile Documents/com~apple~CloudDocs/Code The Dream/node-homework/controllers/taskController.js","statementMap":{"0":{"start":{"line":1,"column":40},"end":{"line":1,"column":75}},"1":{"start":{"line":3,"column":15},"end":{"line":3,"column":41}},"2":{"start":{"line":14,"column":19},"end":{"line":29,"column":1}},"3":{"start":{"line":15,"column":26},"end":{"line":21,"column":3}},"4":{"start":{"line":22,"column":17},"end":{"line":22,"column":44}},"5":{"start":{"line":23,"column":24},"end":{"line":23,"column":70}},"6":{"start":{"line":25,"column":2},"end":{"line":27,"column":3}},"7":{"start":{"line":26,"column":4},"end":{"line":26,"column":39}},"8":{"start":{"line":28,"column":2},"end":{"line":28,"column":31}},"9":{"start":{"line":42,"column":2},"end":{"line":42,"column":31}},"10":{"start":{"line":42,"column":17},"end":{"line":42,"column":31}},"11":{"start":{"line":43,"column":27},"end":{"line":43,"column":79}},"12":{"start":{"line":44,"column":2},"end":{"line":47,"column":7}},"13":{"start":{"line":45,"column":4},"end":{"line":47,"column":7}},"14":{"start":{"line":51,"column":13},"end":{"line":51,"column":17}},"15":{"start":{"line":53,"column":2},"end":{"line":60,"column":3}},"16":{"start":{"line":54,"column":4},"end":{"line":57,"column":7}},"17":{"start":{"line":59,"column":4},"end":{"line":59,"column":21}},"18":{"start":{"line":72,"column":2},"end":{"line":72,"column":36}},"19":{"start":{"line":76,"column":20},"end":{"line":76,"column":28}},"20":{"start":{"line":80,"column":2},"end":{"line":84,"column":3}},"21":{"start":{"line":81,"column":4},"end":{"line":83,"column":7}},"22":{"start":{"line":88,"column":21},"end":{"line":88,"column":23}},"23":{"start":{"line":89,"column":2},"end":{"line":104,"column":3}},"24":{"start":{"line":90,"column":29},"end":{"line":90,"column":54}},"25":{"start":{"line":91,"column":4},"end":{"line":96,"column":5}},"26":{"start":{"line":92,"column":6},"end":{"line":95,"column":9}},"27":{"start":{"line":98,"column":4},"end":{"line":103,"column":7}},"28":{"start":{"line":107,"column":2},"end":{"line":120,"column":3}},"29":{"start":{"line":108,"column":19},"end":{"line":111,"column":6}},"30":{"start":{"line":113,"column":4},"end":{"line":117,"column":7}},"31":{"start":{"line":119,"column":4},"end":{"line":119,"column":21}},"32":{"start":{"line":125,"column":15},"end":{"line":125,"column":44}},"33":{"start":{"line":126,"column":16},"end":{"line":126,"column":47}},"34":{"start":{"line":128,"column":2},"end":{"line":132,"column":3}},"35":{"start":{"line":129,"column":4},"end":{"line":131,"column":7}},"36":{"start":{"line":134,"column":15},"end":{"line":134,"column":33}},"37":{"start":{"line":136,"column":22},"end":{"line":136,"column":45}},"38":{"start":{"line":138,"column":2},"end":{"line":143,"column":3}},"39":{"start":{"line":139,"column":4},"end":{"line":142,"column":6}},"40":{"start":{"line":145,"column":2},"end":{"line":147,"column":3}},"41":{"start":{"line":146,"column":4},"end":{"line":146,"column":63}},"42":{"start":{"line":149,"column":2},"end":{"line":154,"column":3}},"43":{"start":{"line":153,"column":4},"end":{"line":153,"column":46}},"44":{"start":{"line":156,"column":2},"end":{"line":166,"column":3}},"45":{"start":{"line":157,"column":4},"end":{"line":157,"column":31}},"46":{"start":{"line":159,"column":4},"end":{"line":161,"column":5}},"47":{"start":{"line":160,"column":6},"end":{"line":160,"column":63}},"48":{"start":{"line":163,"column":4},"end":{"line":165,"column":5}},"49":{"start":{"line":164,"column":6},"end":{"line":164,"column":63}},"50":{"start":{"line":170,"column":16},"end":{"line":188,"column":4}},"51":{"start":{"line":191,"column":21},"end":{"line":193,"column":4}},"52":{"start":{"line":199,"column":21},"end":{"line":206,"column":3}},"53":{"start":{"line":208,"column":2},"end":{"line":209,"column":69}},"54":{"start":{"line":209,"column":4},"end":{"line":209,"column":69}},"55":{"start":{"line":212,"column":2},"end":{"line":216,"column":5}},"56":{"start":{"line":221,"column":17},"end":{"line":221,"column":41}},"57":{"start":{"line":223,"column":2},"end":{"line":227,"column":3}},"58":{"start":{"line":224,"column":4},"end":{"line":226,"column":7}},"59":{"start":{"line":229,"column":13},"end":{"line":229,"column":17}},"60":{"start":{"line":230,"column":2},"end":{"line":258,"column":3}},"61":{"start":{"line":231,"column":4},"end":{"line":251,"column":7}},"62":{"start":{"line":253,"column":4},"end":{"line":257,"column":5}},"63":{"start":{"line":254,"column":6},"end":{"line":254,"column":74}},"64":{"start":{"line":256,"column":6},"end":{"line":256,"column":23}},"65":{"start":{"line":260,"column":2},"end":{"line":264,"column":3}},"66":{"start":{"line":261,"column":4},"end":{"line":263,"column":7}},"67":{"start":{"line":266,"column":2},"end":{"line":266,"column":36}},"68":{"start":{"line":271,"column":2},"end":{"line":271,"column":31}},"69":{"start":{"line":271,"column":17},"end":{"line":271,"column":31}},"70":{"start":{"line":272,"column":27},"end":{"line":274,"column":4}},"71":{"start":{"line":275,"column":2},"end":{"line":278,"column":7}},"72":{"start":{"line":276,"column":4},"end":{"line":278,"column":7}},"73":{"start":{"line":280,"column":17},"end":{"line":280,"column":41}},"74":{"start":{"line":282,"column":2},"end":{"line":286,"column":3}},"75":{"start":{"line":283,"column":4},"end":{"line":285,"column":7}},"76":{"start":{"line":290,"column":13},"end":{"line":290,"column":17}},"77":{"start":{"line":291,"column":2},"end":{"line":308,"column":3}},"78":{"start":{"line":292,"column":4},"end":{"line":301,"column":7}},"79":{"start":{"line":303,"column":4},"end":{"line":307,"column":5}},"80":{"start":{"line":304,"column":6},"end":{"line":304,"column":74}},"81":{"start":{"line":306,"column":6},"end":{"line":306,"column":23}},"82":{"start":{"line":310,"column":2},"end":{"line":310,"column":36}},"83":{"start":{"line":315,"column":17},"end":{"line":315,"column":41}},"84":{"start":{"line":317,"column":2},"end":{"line":321,"column":3}},"85":{"start":{"line":318,"column":4},"end":{"line":320,"column":7}},"86":{"start":{"line":323,"column":13},"end":{"line":323,"column":17}},"87":{"start":{"line":324,"column":2},"end":{"line":340,"column":3}},"88":{"start":{"line":325,"column":4},"end":{"line":333,"column":7}},"89":{"start":{"line":335,"column":4},"end":{"line":339,"column":5}},"90":{"start":{"line":336,"column":6},"end":{"line":336,"column":74}},"91":{"start":{"line":338,"column":6},"end":{"line":338,"column":23}},"92":{"start":{"line":342,"column":2},"end":{"line":342,"column":36}},"93":{"start":{"line":345,"column":0},"end":{"line":345,"column":73}}},"fnMap":{"0":{"name":"(anonymous_0)","decl":{"start":{"line":14,"column":19},"end":{"line":14,"column":20}},"loc":{"start":{"line":14,"column":30},"end":{"line":29,"column":1}},"line":14},"1":{"name":"create","decl":{"start":{"line":40,"column":15},"end":{"line":40,"column":21}},"loc":{"start":{"line":40,"column":38},"end":{"line":73,"column":1}},"line":40},"2":{"name":"bulkCreate","decl":{"start":{"line":75,"column":15},"end":{"line":75,"column":25}},"loc":{"start":{"line":75,"column":42},"end":{"line":121,"column":1}},"line":75},"3":{"name":"index","decl":{"start":{"line":123,"column":15},"end":{"line":123,"column":20}},"loc":{"start":{"line":123,"column":31},"end":{"line":217,"column":1}},"line":123},"4":{"name":"show","decl":{"start":{"line":219,"column":15},"end":{"line":219,"column":19}},"loc":{"start":{"line":219,"column":36},"end":{"line":267,"column":1}},"line":219},"5":{"name":"update","decl":{"start":{"line":269,"column":15},"end":{"line":269,"column":21}},"loc":{"start":{"line":269,"column":38},"end":{"line":311,"column":1}},"line":269},"6":{"name":"deleteTask","decl":{"start":{"line":313,"column":15},"end":{"line":313,"column":25}},"loc":{"start":{"line":313,"column":42},"end":{"line":343,"column":1}},"line":313}},"branchMap":{"0":{"loc":{"start":{"line":22,"column":17},"end":{"line":22,"column":44}},"type":"binary-expr","locations":[{"start":{"line":22,"column":17},"end":{"line":22,"column":29}},{"start":{"line":22,"column":33},"end":{"line":22,"column":44}}],"line":22},"1":{"loc":{"start":{"line":23,"column":24},"end":{"line":23,"column":70}},"type":"cond-expr","locations":[{"start":{"line":23,"column":56},"end":{"line":23,"column":61}},{"start":{"line":23,"column":64},"end":{"line":23,"column":70}}],"line":23},"2":{"loc":{"start":{"line":25,"column":2},"end":{"line":27,"column":3}},"type":"if","locations":[{"start":{"line":25,"column":2},"end":{"line":27,"column":3}},{"start":{},"end":{}}],"line":25},"3":{"loc":{"start":{"line":42,"column":2},"end":{"line":42,"column":31}},"type":"if","locations":[{"start":{"line":42,"column":2},"end":{"line":42,"column":31}},{"start":{},"end":{}}],"line":42},"4":{"loc":{"start":{"line":44,"column":2},"end":{"line":47,"column":7}},"type":"if","locations":[{"start":{"line":44,"column":2},"end":{"line":47,"column":7}},{"start":{},"end":{}}],"line":44},"5":{"loc":{"start":{"line":80,"column":2},"end":{"line":84,"column":3}},"type":"if","locations":[{"start":{"line":80,"column":2},"end":{"line":84,"column":3}},{"start":{},"end":{}}],"line":80},"6":{"loc":{"start":{"line":80,"column":6},"end":{"line":80,"column":59}},"type":"binary-expr","locations":[{"start":{"line":80,"column":6},"end":{"line":80,"column":12}},{"start":{"line":80,"column":16},"end":{"line":80,"column":37}},{"start":{"line":80,"column":41},"end":{"line":80,"column":59}}],"line":80},"7":{"loc":{"start":{"line":91,"column":4},"end":{"line":96,"column":5}},"type":"if","locations":[{"start":{"line":91,"column":4},"end":{"line":96,"column":5}},{"start":{},"end":{}}],"line":91},"8":{"loc":{"start":{"line":100,"column":19},"end":{"line":100,"column":45}},"type":"binary-expr","locations":[{"start":{"line":100,"column":19},"end":{"line":100,"column":36}},{"start":{"line":100,"column":40},"end":{"line":100,"column":45}}],"line":100},"9":{"loc":{"start":{"line":101,"column":16},"end":{"line":101,"column":42}},"type":"binary-expr","locations":[{"start":{"line":101,"column":16},"end":{"line":101,"column":30}},{"start":{"line":101,"column":34},"end":{"line":101,"column":42}}],"line":101},"10":{"loc":{"start":{"line":125,"column":15},"end":{"line":125,"column":44}},"type":"binary-expr","locations":[{"start":{"line":125,"column":15},"end":{"line":125,"column":39}},{"start":{"line":125,"column":43},"end":{"line":125,"column":44}}],"line":125},"11":{"loc":{"start":{"line":126,"column":16},"end":{"line":126,"column":47}},"type":"binary-expr","locations":[{"start":{"line":126,"column":16},"end":{"line":126,"column":41}},{"start":{"line":126,"column":45},"end":{"line":126,"column":47}}],"line":126},"12":{"loc":{"start":{"line":128,"column":2},"end":{"line":132,"column":3}},"type":"if","locations":[{"start":{"line":128,"column":2},"end":{"line":132,"column":3}},{"start":{},"end":{}}],"line":128},"13":{"loc":{"start":{"line":128,"column":6},"end":{"line":128,"column":73}},"type":"binary-expr","locations":[{"start":{"line":128,"column":6},"end":{"line":128,"column":17}},{"start":{"line":128,"column":21},"end":{"line":128,"column":33}},{"start":{"line":128,"column":37},"end":{"line":128,"column":45}},{"start":{"line":128,"column":49},"end":{"line":128,"column":58}},{"start":{"line":128,"column":62},"end":{"line":128,"column":73}}],"line":128},"14":{"loc":{"start":{"line":138,"column":2},"end":{"line":143,"column":3}},"type":"if","locations":[{"start":{"line":138,"column":2},"end":{"line":143,"column":3}},{"start":{},"end":{}}],"line":138},"15":{"loc":{"start":{"line":145,"column":2},"end":{"line":147,"column":3}},"type":"if","locations":[{"start":{"line":145,"column":2},"end":{"line":147,"column":3}},{"start":{},"end":{}}],"line":145},"16":{"loc":{"start":{"line":149,"column":2},"end":{"line":154,"column":3}},"type":"if","locations":[{"start":{"line":149,"column":2},"end":{"line":154,"column":3}},{"start":{},"end":{}}],"line":149},"17":{"loc":{"start":{"line":150,"column":4},"end":{"line":151,"column":58}},"type":"binary-expr","locations":[{"start":{"line":150,"column":4},"end":{"line":150,"column":22}},{"start":{"line":151,"column":4},"end":{"line":151,"column":58}}],"line":150},"18":{"loc":{"start":{"line":156,"column":2},"end":{"line":166,"column":3}},"type":"if","locations":[{"start":{"line":156,"column":2},"end":{"line":166,"column":3}},{"start":{},"end":{}}],"line":156},"19":{"loc":{"start":{"line":156,"column":6},"end":{"line":156,"column":46}},"type":"binary-expr","locations":[{"start":{"line":156,"column":6},"end":{"line":156,"column":24}},{"start":{"line":156,"column":28},"end":{"line":156,"column":46}}],"line":156},"20":{"loc":{"start":{"line":159,"column":4},"end":{"line":161,"column":5}},"type":"if","locations":[{"start":{"line":159,"column":4},"end":{"line":161,"column":5}},{"start":{},"end":{}}],"line":159},"21":{"loc":{"start":{"line":163,"column":4},"end":{"line":165,"column":5}},"type":"if","locations":[{"start":{"line":163,"column":4},"end":{"line":165,"column":5}},{"start":{},"end":{}}],"line":163},"22":{"loc":{"start":{"line":208,"column":2},"end":{"line":209,"column":69}},"type":"if","locations":[{"start":{"line":208,"column":2},"end":{"line":209,"column":69}},{"start":{},"end":{}}],"line":208},"23":{"loc":{"start":{"line":223,"column":2},"end":{"line":227,"column":3}},"type":"if","locations":[{"start":{"line":223,"column":2},"end":{"line":227,"column":3}},{"start":{},"end":{}}],"line":223},"24":{"loc":{"start":{"line":253,"column":4},"end":{"line":257,"column":5}},"type":"if","locations":[{"start":{"line":253,"column":4},"end":{"line":257,"column":5}},{"start":{"line":255,"column":11},"end":{"line":257,"column":5}}],"line":253},"25":{"loc":{"start":{"line":260,"column":2},"end":{"line":264,"column":3}},"type":"if","locations":[{"start":{"line":260,"column":2},"end":{"line":264,"column":3}},{"start":{},"end":{}}],"line":260},"26":{"loc":{"start":{"line":271,"column":2},"end":{"line":271,"column":31}},"type":"if","locations":[{"start":{"line":271,"column":2},"end":{"line":271,"column":31}},{"start":{},"end":{}}],"line":271},"27":{"loc":{"start":{"line":275,"column":2},"end":{"line":278,"column":7}},"type":"if","locations":[{"start":{"line":275,"column":2},"end":{"line":278,"column":7}},{"start":{},"end":{}}],"line":275},"28":{"loc":{"start":{"line":282,"column":2},"end":{"line":286,"column":3}},"type":"if","locations":[{"start":{"line":282,"column":2},"end":{"line":286,"column":3}},{"start":{},"end":{}}],"line":282},"29":{"loc":{"start":{"line":303,"column":4},"end":{"line":307,"column":5}},"type":"if","locations":[{"start":{"line":303,"column":4},"end":{"line":307,"column":5}},{"start":{"line":305,"column":11},"end":{"line":307,"column":5}}],"line":303},"30":{"loc":{"start":{"line":317,"column":2},"end":{"line":321,"column":3}},"type":"if","locations":[{"start":{"line":317,"column":2},"end":{"line":321,"column":3}},{"start":{},"end":{}}],"line":317},"31":{"loc":{"start":{"line":335,"column":4},"end":{"line":339,"column":5}},"type":"if","locations":[{"start":{"line":335,"column":4},"end":{"line":339,"column":5}},{"start":{"line":337,"column":11},"end":{"line":339,"column":5}}],"line":335}},"s":{"0":2,"1":2,"2":2,"3":4,"4":4,"5":4,"6":4,"7":4,"8":0,"9":3,"10":0,"11":3,"12":3,"13":0,"14":3,"15":3,"16":3,"17":2,"18":1,"19":0,"20":0,"21":0,"22":0,"23":0,"24":0,"25":0,"26":0,"27":0,"28":0,"29":0,"30":0,"31":0,"32":5,"33":5,"34":5,"35":0,"36":5,"37":5,"38":4,"39":0,"40":4,"41":0,"42":4,"43":0,"44":4,"45":0,"46":0,"47":0,"48":0,"49":0,"50":4,"51":4,"52":4,"53":4,"54":2,"55":2,"56":2,"57":2,"58":0,"59":2,"60":2,"61":2,"62":0,"63":0,"64":0,"65":2,"66":1,"67":1,"68":2,"69":0,"70":2,"71":2,"72":0,"73":2,"74":2,"75":0,"76":2,"77":2,"78":2,"79":1,"80":1,"81":0,"82":1,"83":2,"84":2,"85":0,"86":2,"87":2,"88":2,"89":1,"90":1,"91":0,"92":1,"93":2},"f":{"0":4,"1":3,"2":0,"3":5,"4":2,"5":2,"6":2},"b":{"0":[4,4],"1":[0,4],"2":[4,0],"3":[0,3],"4":[0,3],"5":[0,0],"6":[0,0,0],"7":[0,0],"8":[0,0],"9":[0,0],"10":[5,5],"11":[5,5],"12":[0,5],"13":[5,5,5,5,5],"14":[0,4],"15":[0,4],"16":[0,4],"17":[4,0],"18":[0,4],"19":[4,4],"20":[0,0],"21":[0,0],"22":[2,2],"23":[0,2],"24":[0,0],"25":[1,1],"26":[0,2],"27":[0,2],"28":[0,2],"29":[1,0],"30":[0,2],"31":[1,0]},"_coverageSchema":"1a1c01bbd47fc00a2c39e90264f33305004495a9","hash":"43a483621763ec2538f23988a4478573c15e31ec"}
,"/Users/kellichatelain/Library/Mobile Documents/com~apple~CloudDocs/Code The Dream/node-homework/controllers/userController.js": {"path":"/Users/kellichatelain/Library/Mobile Documents/com~apple~CloudDocs/Code The Dream/node-homework/controllers/userController.js","statementMap":{"0":{"start":{"line":1,"column":23},"end":{"line":1,"column":61}},"1":{"start":{"line":2,"column":15},"end":{"line":2,"column":32}},"2":{"start":{"line":3,"column":13},"end":{"line":3,"column":28}},"3":{"start":{"line":4,"column":15},"end":{"line":4,"column":44}},"4":{"start":{"line":6,"column":15},"end":{"line":6,"column":41}},"5":{"start":{"line":8,"column":23},"end":{"line":8,"column":40}},"6":{"start":{"line":9,"column":12},"end":{"line":9,"column":35}},"7":{"start":{"line":11,"column":20},"end":{"line":17,"column":1}},"8":{"start":{"line":12,"column":2},"end":{"line":16,"column":4}},"9":{"start":{"line":19,"column":21},"end":{"line":26,"column":1}},"10":{"start":{"line":21,"column":18},"end":{"line":21,"column":58}},"11":{"start":{"line":22,"column":16},"end":{"line":22,"column":78}},"12":{"start":{"line":24,"column":2},"end":{"line":24,"column":69}},"13":{"start":{"line":25,"column":2},"end":{"line":25,"column":27}},"14":{"start":{"line":31,"column":15},"end":{"line":31,"column":53}},"15":{"start":{"line":32,"column":21},"end":{"line":32,"column":53}},"16":{"start":{"line":33,"column":2},"end":{"line":33,"column":49}},"17":{"start":{"line":37,"column":22},"end":{"line":37,"column":43}},"18":{"start":{"line":38,"column":20},"end":{"line":38,"column":43}},"19":{"start":{"line":39,"column":21},"end":{"line":39,"column":58}},"20":{"start":{"line":40,"column":2},"end":{"line":40,"column":55}},"21":{"start":{"line":45,"column":2},"end":{"line":45,"column":31}},"22":{"start":{"line":45,"column":17},"end":{"line":45,"column":31}},"23":{"start":{"line":46,"column":27},"end":{"line":46,"column":79}},"24":{"start":{"line":47,"column":2},"end":{"line":51,"column":7}},"25":{"start":{"line":48,"column":4},"end":{"line":51,"column":7}},"26":{"start":{"line":55,"column":2},"end":{"line":55,"column":60}},"27":{"start":{"line":57,"column":2},"end":{"line":57,"column":24}},"28":{"start":{"line":59,"column":42},"end":{"line":59,"column":47}},"29":{"start":{"line":61,"column":2},"end":{"line":118,"column":3}},"30":{"start":{"line":62,"column":19},"end":{"line":97,"column":6}},"31":{"start":{"line":64,"column":22},"end":{"line":67,"column":8}},"32":{"start":{"line":70,"column":30},"end":{"line":78,"column":7}},"33":{"start":{"line":79,"column":6},"end":{"line":79,"column":58}},"34":{"start":{"line":82,"column":27},"end":{"line":94,"column":8}},"35":{"start":{"line":85,"column":50},"end":{"line":85,"column":57}},"36":{"start":{"line":96,"column":6},"end":{"line":96,"column":45}},"37":{"start":{"line":99,"column":22},"end":{"line":99,"column":57}},"38":{"start":{"line":102,"column":4},"end":{"line":102,"column":20}},"39":{"start":{"line":103,"column":4},"end":{"line":108,"column":7}},"40":{"start":{"line":109,"column":4},"end":{"line":109,"column":11}},"41":{"start":{"line":111,"column":4},"end":{"line":117,"column":5}},"42":{"start":{"line":112,"column":6},"end":{"line":114,"column":9}},"43":{"start":{"line":116,"column":6},"end":{"line":116,"column":23}},"44":{"start":{"line":122,"column":28},"end":{"line":122,"column":36}},"45":{"start":{"line":124,"column":2},"end":{"line":126,"column":3}},"46":{"start":{"line":125,"column":4},"end":{"line":125,"column":73}},"47":{"start":{"line":128,"column":2},"end":{"line":128,"column":30}},"48":{"start":{"line":130,"column":15},"end":{"line":130,"column":65}},"49":{"start":{"line":139,"column":23},"end":{"line":139,"column":27}},"50":{"start":{"line":142,"column":4},"end":{"line":143,"column":66}},"51":{"start":{"line":146,"column":2},"end":{"line":157,"column":3}},"52":{"start":{"line":148,"column":22},"end":{"line":148,"column":58}},"53":{"start":{"line":150,"column":4},"end":{"line":154,"column":7}},"54":{"start":{"line":156,"column":4},"end":{"line":156,"column":66}},"55":{"start":{"line":161,"column":17},"end":{"line":161,"column":40}},"56":{"start":{"line":163,"column":2},"end":{"line":165,"column":3}},"57":{"start":{"line":164,"column":4},"end":{"line":164,"column":62}},"58":{"start":{"line":167,"column":15},"end":{"line":186,"column":4}},"59":{"start":{"line":188,"column":2},"end":{"line":190,"column":3}},"60":{"start":{"line":189,"column":4},"end":{"line":189,"column":63}},"61":{"start":{"line":192,"column":2},"end":{"line":192,"column":29}},"62":{"start":{"line":196,"column":2},"end":{"line":196,"column":43}},"63":{"start":{"line":197,"column":2},"end":{"line":197,"column":27}},"64":{"start":{"line":200,"column":0},"end":{"line":205,"column":2}}},"fnMap":{"0":{"name":"(anonymous_0)","decl":{"start":{"line":11,"column":20},"end":{"line":11,"column":21}},"loc":{"start":{"line":11,"column":29},"end":{"line":17,"column":1}},"line":11},"1":{"name":"(anonymous_1)","decl":{"start":{"line":19,"column":21},"end":{"line":19,"column":22}},"loc":{"start":{"line":19,"column":41},"end":{"line":26,"column":1}},"line":19},"2":{"name":"hashPassword","decl":{"start":{"line":30,"column":15},"end":{"line":30,"column":27}},"loc":{"start":{"line":30,"column":38},"end":{"line":34,"column":1}},"line":30},"3":{"name":"comparePassword","decl":{"start":{"line":36,"column":15},"end":{"line":36,"column":30}},"loc":{"start":{"line":36,"column":58},"end":{"line":41,"column":1}},"line":36},"4":{"name":"register","decl":{"start":{"line":43,"column":15},"end":{"line":43,"column":23}},"loc":{"start":{"line":43,"column":40},"end":{"line":119,"column":1}},"line":43},"5":{"name":"(anonymous_5)","decl":{"start":{"line":62,"column":45},"end":{"line":62,"column":46}},"loc":{"start":{"line":62,"column":59},"end":{"line":97,"column":5}},"line":62},"6":{"name":"(anonymous_6)","decl":{"start":{"line":85,"column":43},"end":{"line":85,"column":44}},"loc":{"start":{"line":85,"column":50},"end":{"line":85,"column":57}},"line":85},"7":{"name":"logon","decl":{"start":{"line":121,"column":15},"end":{"line":121,"column":20}},"loc":{"start":{"line":121,"column":31},"end":{"line":158,"column":1}},"line":121},"8":{"name":"show","decl":{"start":{"line":160,"column":15},"end":{"line":160,"column":19}},"loc":{"start":{"line":160,"column":30},"end":{"line":193,"column":1}},"line":160},"9":{"name":"logoff","decl":{"start":{"line":195,"column":9},"end":{"line":195,"column":15}},"loc":{"start":{"line":195,"column":26},"end":{"line":198,"column":1}},"line":195}},"branchMap":{"0":{"loc":{"start":{"line":45,"column":2},"end":{"line":45,"column":31}},"type":"if","locations":[{"start":{"line":45,"column":2},"end":{"line":45,"column":31}},{"start":{},"end":{}}],"line":45},"1":{"loc":{"start":{"line":47,"column":2},"end":{"line":51,"column":7}},"type":"if","locations":[{"start":{"line":47,"column":2},"end":{"line":51,"column":7}},{"start":{},"end":{}}],"line":47},"2":{"loc":{"start":{"line":111,"column":4},"end":{"line":117,"column":5}},"type":"if","locations":[{"start":{"line":111,"column":4},"end":{"line":117,"column":5}},{"start":{"line":115,"column":11},"end":{"line":117,"column":5}}],"line":111},"3":{"loc":{"start":{"line":111,"column":8},"end":{"line":111,"column":76}},"type":"binary-expr","locations":[{"start":{"line":111,"column":8},"end":{"line":111,"column":52}},{"start":{"line":111,"column":56},"end":{"line":111,"column":76}}],"line":111},"4":{"loc":{"start":{"line":124,"column":2},"end":{"line":126,"column":3}},"type":"if","locations":[{"start":{"line":124,"column":2},"end":{"line":126,"column":3}},{"start":{},"end":{}}],"line":124},"5":{"loc":{"start":{"line":124,"column":6},"end":{"line":124,"column":25}},"type":"binary-expr","locations":[{"start":{"line":124,"column":6},"end":{"line":124,"column":12}},{"start":{"line":124,"column":16},"end":{"line":124,"column":25}}],"line":124},"6":{"loc":{"start":{"line":142,"column":4},"end":{"line":143,"column":66}},"type":"binary-expr","locations":[{"start":{"line":142,"column":4},"end":{"line":142,"column":16}},{"start":{"line":143,"column":5},"end":{"line":143,"column":65}}],"line":142},"7":{"loc":{"start":{"line":146,"column":2},"end":{"line":157,"column":3}},"type":"if","locations":[{"start":{"line":146,"column":2},"end":{"line":157,"column":3}},{"start":{"line":155,"column":9},"end":{"line":157,"column":3}}],"line":146},"8":{"loc":{"start":{"line":163,"column":2},"end":{"line":165,"column":3}},"type":"if","locations":[{"start":{"line":163,"column":2},"end":{"line":165,"column":3}},{"start":{},"end":{}}],"line":163},"9":{"loc":{"start":{"line":188,"column":2},"end":{"line":190,"column":3}},"type":"if","locations":[{"start":{"line":188,"column":2},"end":{"line":190,"column":3}},{"start":{},"end":{}}],"line":188}},"s":{"0":2,"1":2,"2":2,"3":2,"4":2,"5":2,"6":2,"7":2,"8":6,"9":2,"10":4,"11":4,"12":4,"13":4,"14":3,"15":3,"16":3,"17":3,"18":3,"19":3,"20":3,"21":3,"22":0,"23":3,"24":3,"25":0,"26":3,"27":3,"28":3,"29":3,"30":3,"31":3,"32":2,"33":2,"34":2,"35":6,"36":2,"37":2,"38":2,"39":2,"40":2,"41":1,"42":1,"43":0,"44":3,"45":3,"46":0,"47":3,"48":3,"49":3,"50":3,"51":3,"52":2,"53":2,"54":1,"55":0,"56":0,"57":0,"58":0,"59":0,"60":0,"61":0,"62":2,"63":2,"64":2},"f":{"0":6,"1":4,"2":3,"3":3,"4":3,"5":3,"6":6,"7":3,"8":0,"9":2},"b":{"0":[0,3],"1":[0,3],"2":[1,0],"3":[1,1],"4":[0,3],"5":[3,3],"6":[3,3],"7":[2,1],"8":[0,0],"9":[0,0]},"_coverageSchema":"1a1c01bbd47fc00a2c39e90264f33305004495a9","hash":"c0b21ff06aa5adcee57a2a0d1afa6d35145df0fe"}
,"/Users/kellichatelain/Library/Mobile Documents/com~apple~CloudDocs/Code The Dream/node-homework/db/prisma.js": {"path":"/Users/kellichatelain/Library/Mobile Documents/com~apple~CloudDocs/Code The Dream/node-homework/db/prisma.js","statementMap":{"0":{"start":{"line":1,"column":25},"end":{"line":1,"column":50}},"1":{"start":{"line":4,"column":0},"end":{"line":8,"column":1}},"2":{"start":{"line":5,"column":2},"end":{"line":5,"column":28}},"3":{"start":{"line":7,"column":2},"end":{"line":7,"column":12}},"4":{"start":{"line":10,"column":15},"end":{"line":10,"column":37}},"5":{"start":{"line":12,"column":0},"end":{"line":12,"column":24}}},"fnMap":{},"branchMap":{"0":{"loc":{"start":{"line":4,"column":0},"end":{"line":8,"column":1}},"type":"if","locations":[{"start":{"line":4,"column":0},"end":{"line":8,"column":1}},{"start":{"line":6,"column":7},"end":{"line":8,"column":1}}],"line":4},"1":{"loc":{"start":{"line":4,"column":4},"end":{"line":4,"column":67}},"type":"binary-expr","locations":[{"start":{"line":4,"column":4},"end":{"line":4,"column":25}},{"start":{"line":4,"column":29},"end":{"line":4,"column":67}}],"line":4}},"s":{"0":3,"1":3,"2":0,"3":3,"4":3,"5":3},"f":{},"b":{"0":[0,3],"1":[3,3]},"_coverageSchema":"1a1c01bbd47fc00a2c39e90264f33305004495a9","hash":"f47e12137ba89149ba9cea0cea63297c95f321bc"}
,"/Users/kellichatelain/Library/Mobile Documents/com~apple~CloudDocs/Code The Dream/node-homework/middleware/error-handler.js": {"path":"/Users/kellichatelain/Library/Mobile Documents/com~apple~CloudDocs/Code The Dream/node-homework/middleware/error-handler.js","statementMap":{"0":{"start":{"line":2,"column":2},"end":{"line":4,"column":3}},"1":{"start":{"line":3,"column":4},"end":{"line":3,"column":70}},"2":{"start":{"line":6,"column":2},"end":{"line":11,"column":3}},"3":{"start":{"line":8,"column":4},"end":{"line":10,"column":6}},"4":{"start":{"line":12,"column":2},"end":{"line":12,"column":46}},"5":{"start":{"line":15,"column":0},"end":{"line":15,"column":30}}},"fnMap":{"0":{"name":"errorHandler","decl":{"start":{"line":1,"column":9},"end":{"line":1,"column":21}},"loc":{"start":{"line":1,"column":43},"end":{"line":13,"column":1}},"line":1}},"branchMap":{"0":{"loc":{"start":{"line":2,"column":2},"end":{"line":4,"column":3}},"type":"if","locations":[{"start":{"line":2,"column":2},"end":{"line":4,"column":3}},{"start":{},"end":{}}],"line":2},"1":{"loc":{"start":{"line":6,"column":2},"end":{"line":11,"column":3}},"type":"if","locations":[{"start":{"line":6,"column":2},"end":{"line":11,"column":3}},{"start":{},"end":{}}],"line":6},"2":{"loc":{"start":{"line":6,"column":6},"end":{"line":6,"column":54}},"type":"binary-expr","locations":[{"start":{"line":6,"column":6},"end":{"line":6,"column":33}},{"start":{"line":6,"column":37},"end":{"line":6,"column":54}}],"line":6}},"s":{"0":0,"1":0,"2":0,"3":0,"4":0,"5":1},"f":{"0":0},"b":{"0":[0,0],"1":[0,0],"2":[0,0]},"_coverageSchema":"1a1c01bbd47fc00a2c39e90264f33305004495a9","hash":"02c356dd6f08d37a8ffec3ac28e1f3c3a6e9692d"}
,"/Users/kellichatelain/Library/Mobile Documents/com~apple~CloudDocs/Code The Dream/node-homework/middleware/jwtMiddleware.js": {"path":"/Users/kellichatelain/Library/Mobile Documents/com~apple~CloudDocs/Code The Dream/node-homework/middleware/jwtMiddleware.js","statementMap":{"0":{"start":{"line":1,"column":12},"end":{"line":1,"column":35}},"1":{"start":{"line":2,"column":24},"end":{"line":2,"column":52}},"2":{"start":{"line":4,"column":16},"end":{"line":8,"column":1}},"3":{"start":{"line":5,"column":2},"end":{"line":7,"column":52}},"4":{"start":{"line":10,"column":0},"end":{"line":30,"column":2}},"5":{"start":{"line":11,"column":16},"end":{"line":11,"column":33}},"6":{"start":{"line":12,"column":2},"end":{"line":14,"column":3}},"7":{"start":{"line":13,"column":4},"end":{"line":13,"column":24}},"8":{"start":{"line":15,"column":2},"end":{"line":29,"column":5}},"9":{"start":{"line":17,"column":4},"end":{"line":19,"column":5}},"10":{"start":{"line":18,"column":6},"end":{"line":18,"column":26}},"11":{"start":{"line":20,"column":4},"end":{"line":20,"column":34}},"12":{"start":{"line":23,"column":4},"end":{"line":27,"column":5}},"13":{"start":{"line":24,"column":6},"end":{"line":26,"column":7}},"14":{"start":{"line":25,"column":8},"end":{"line":25,"column":28}},"15":{"start":{"line":28,"column":4},"end":{"line":28,"column":11}}},"fnMap":{"0":{"name":"(anonymous_0)","decl":{"start":{"line":4,"column":16},"end":{"line":4,"column":17}},"loc":{"start":{"line":4,"column":25},"end":{"line":8,"column":1}},"line":4},"1":{"name":"(anonymous_1)","decl":{"start":{"line":10,"column":17},"end":{"line":10,"column":18}},"loc":{"start":{"line":10,"column":43},"end":{"line":30,"column":1}},"line":10},"2":{"name":"(anonymous_2)","decl":{"start":{"line":15,"column":44},"end":{"line":15,"column":45}},"loc":{"start":{"line":15,"column":62},"end":{"line":29,"column":3}},"line":15}},"branchMap":{"0":{"loc":{"start":{"line":12,"column":2},"end":{"line":14,"column":3}},"type":"if","locations":[{"start":{"line":12,"column":2},"end":{"line":14,"column":3}},{"start":{},"end":{}}],"line":12},"1":{"loc":{"start":{"line":17,"column":4},"end":{"line":19,"column":5}},"type":"if","locations":[{"start":{"line":17,"column":4},"end":{"line":19,"column":5}},{"start":{},"end":{}}],"line":17},"2":{"loc":{"start":{"line":23,"column":4},"end":{"line":27,"column":5}},"type":"if","locations":[{"start":{"line":23,"column":4},"end":{"line":27,"column":5}},{"start":{},"end":{}}],"line":23},"3":{"loc":{"start":{"line":24,"column":6},"end":{"line":26,"column":7}},"type":"if","locations":[{"start":{"line":24,"column":6},"end":{"line":26,"column":7}},{"start":{},"end":{}}],"line":24}},"s":{"0":2,"1":2,"2":2,"3":4,"4":2,"5":7,"6":7,"7":2,"8":5,"9":5,"10":1,"11":4,"12":4,"13":3,"14":1,"15":3},"f":{"0":4,"1":7,"2":5},"b":{"0":[2,5],"1":[1,4],"2":[3,1],"3":[1,2]},"_coverageSchema":"1a1c01bbd47fc00a2c39e90264f33305004495a9","hash":"cb95017673f4e901ee9281e7be42354214fa424c"}
,"/Users/kellichatelain/Library/Mobile Documents/com~apple~CloudDocs/Code The Dream/node-homework/middleware/not-found.js": {"path":"/Users/kellichatelain/Library/Mobile Documents/com~apple~CloudDocs/Code The Dream/node-homework/middleware/not-found.js","statementMap":{"0":{"start":{"line":2,"column":2},"end":{"line":2,"column":50}},"1":{"start":{"line":5,"column":0},"end":{"line":5,"column":26}}},"fnMap":{"0":{"name":"notFound","decl":{"start":{"line":1,"column":9},"end":{"line":1,"column":17}},"loc":{"start":{"line":1,"column":28},"end":{"line":3,"column":1}},"line":1}},"branchMap":{},"s":{"0":0,"1":1},"f":{"0":0},"b":{},"_coverageSchema":"1a1c01bbd47fc00a2c39e90264f33305004495a9","hash":"eb2356285c68ba5f0c5fd82e8a9a5cd93834f29b"}
,"/Users/kellichatelain/Library/Mobile Documents/com~apple~CloudDocs/Code The Dream/node-homework/routes/analyticsRoutes.js": {"path":"/Users/kellichatelain/Library/Mobile Documents/com~apple~CloudDocs/Code The Dream/node-homework/routes/analyticsRoutes.js","statementMap":{"0":{"start":{"line":1,"column":16},"end":{"line":1,"column":34}},"1":{"start":{"line":2,"column":28},"end":{"line":2,"column":76}},"2":{"start":{"line":4,"column":24},"end":{"line":4,"column":40}},"3":{"start":{"line":6,"column":0},"end":{"line":6,"column":72}},"4":{"start":{"line":7,"column":0},"end":{"line":7,"column":69}},"5":{"start":{"line":8,"column":0},"end":{"line":8,"column":70}},"6":{"start":{"line":10,"column":0},"end":{"line":10,"column":33}}},"fnMap":{},"branchMap":{},"s":{"0":1,"1":1,"2":1,"3":1,"4":1,"5":1,"6":1},"f":{},"b":{},"_coverageSchema":"1a1c01bbd47fc00a2c39e90264f33305004495a9","hash":"19b0c0f3d3430a417a16c38e439bbaf6713c249a"}
,"/Users/kellichatelain/Library/Mobile Documents/com~apple~CloudDocs/Code The Dream/node-homework/routes/taskRoutes.js": {"path":"/Users/kellichatelain/Library/Mobile Documents/com~apple~CloudDocs/Code The Dream/node-homework/routes/taskRoutes.js","statementMap":{"0":{"start":{"line":1,"column":16},"end":{"line":1,"column":34}},"1":{"start":{"line":2,"column":23},"end":{"line":2,"column":66}},"2":{"start":{"line":4,"column":19},"end":{"line":4,"column":35}},"3":{"start":{"line":6,"column":0},"end":{"line":6,"column":42}},"4":{"start":{"line":7,"column":0},"end":{"line":7,"column":44}},"5":{"start":{"line":8,"column":0},"end":{"line":8,"column":52}},"6":{"start":{"line":9,"column":0},"end":{"line":9,"column":44}},"7":{"start":{"line":10,"column":0},"end":{"line":10,"column":48}},"8":{"start":{"line":11,"column":0},"end":{"line":11,"column":53}},"9":{"start":{"line":13,"column":0},"end":{"line":13,"column":28}}},"fnMap":{},"branchMap":{},"s":{"0":1,"1":1,"2":1,"3":1,"4":1,"5":1,"6":1,"7":1,"8":1,"9":1},"f":{},"b":{},"_coverageSchema":"1a1c01bbd47fc00a2c39e90264f33305004495a9","hash":"4193c05f0d14ea3bb6c56b72c90efe30ddf8309c"}
,"/Users/kellichatelain/Library/Mobile Documents/com~apple~CloudDocs/Code The Dream/node-homework/routes/userRoutes.js": {"path":"/Users/kellichatelain/Library/Mobile Documents/com~apple~CloudDocs/Code The Dream/node-homework/routes/userRoutes.js","statementMap":{"0":{"start":{"line":1,"column":16},"end":{"line":1,"column":34}},"1":{"start":{"line":2,"column":23},"end":{"line":2,"column":66}},"2":{"start":{"line":3,"column":22},"end":{"line":3,"column":63}},"3":{"start":{"line":5,"column":15},"end":{"line":5,"column":31}},"4":{"start":{"line":7,"column":0},"end":{"line":7,"column":50}},"5":{"start":{"line":8,"column":0},"end":{"line":8,"column":44}},"6":{"start":{"line":10,"column":0},"end":{"line":10,"column":61}},"7":{"start":{"line":11,"column":0},"end":{"line":11,"column":40}},"8":{"start":{"line":13,"column":0},"end":{"line":13,"column":24}}},"fnMap":{},"branchMap":{},"s":{"0":1,"1":1,"2":1,"3":1,"4":1,"5":1,"6":1,"7":1,"8":1},"f":{},"b":{},"_coverageSchema":"1a1c01bbd47fc00a2c39e90264f33305004495a9","hash":"cbb2347c676964761e5935cb65e59855f645adf9"}
,"/Users/kellichatelain/Library/Mobile Documents/com~apple~CloudDocs/Code The Dream/node-homework/test/waitForRouteHandlerCompletion.js": {"path":"/Users/kellichatelain/Library/Mobile Documents/com~apple~CloudDocs/Code The Dream/node-homework/test/waitForRouteHandlerCompletion.js","statementMap":{"0":{"start":{"line":1,"column":38},"end":{"line":15,"column":1}},"1":{"start":{"line":3,"column":18},"end":{"line":11,"column":4}},"2":{"start":{"line":4,"column":4},"end":{"line":7,"column":7}},"3":{"start":{"line":5,"column":6},"end":{"line":5,"column":38}},"4":{"start":{"line":5,"column":17},"end":{"line":5,"column":38}},"5":{"start":{"line":6,"column":6},"end":{"line":6,"column":16}},"6":{"start":{"line":8,"column":4},"end":{"line":10,"column":7}},"7":{"start":{"line":9,"column":6},"end":{"line":9,"column":16}},"8":{"start":{"line":12,"column":2},"end":{"line":12,"column":29}},"9":{"start":{"line":13,"column":2},"end":{"line":13,"column":16}},"10":{"start":{"line":14,"column":2},"end":{"line":14,"column":14}},"11":{"start":{"line":17,"column":0},"end":{"line":17,"column":47}}},"fnMap":{"0":{"name":"(anonymous_0)","decl":{"start":{"line":1,"column":38},"end":{"line":1,"column":39}},"loc":{"start":{"line":1,"column":64},"end":{"line":15,"column":1}},"line":1},"1":{"name":"(anonymous_1)","decl":{"start":{"line":3,"column":30},"end":{"line":3,"column":31}},"loc":{"start":{"line":3,"column":51},"end":{"line":11,"column":3}},"line":3},"2":{"name":"(anonymous_2)","decl":{"start":{"line":4,"column":19},"end":{"line":4,"column":20}},"loc":{"start":{"line":4,"column":30},"end":{"line":7,"column":5}},"line":4},"3":{"name":"(anonymous_3)","decl":{"start":{"line":8,"column":21},"end":{"line":8,"column":22}},"loc":{"start":{"line":8,"column":27},"end":{"line":10,"column":5}},"line":8}},"branchMap":{"0":{"loc":{"start":{"line":5,"column":6},"end":{"line":5,"column":38}},"type":"if","locations":[{"start":{"line":5,"column":6},"end":{"line":5,"column":38}},{"start":{},"end":{}}],"line":5}},"s":{"0":2,"1":22,"2":22,"3":3,"4":2,"5":1,"6":22,"7":18,"8":22,"9":21,"10":19,"11":2},"f":{"0":22,"1":22,"2":3,"3":18},"b":{"0":[2,1]},"_coverageSchema":"1a1c01bbd47fc00a2c39e90264f33305004495a9","hash":"ef65a836718b75f1ddafa9688dd4c88b18f1785e"}
,"/Users/kellichatelain/Library/Mobile Documents/com~apple~CloudDocs/Code The Dream/node-homework/validation/taskSchema.js": {"path":"/Users/kellichatelain/Library/Mobile Documents/com~apple~CloudDocs/Code The Dream/node-homework/validation/taskSchema.js","statementMap":{"0":{"start":{"line":1,"column":12},"end":{"line":1,"column":26}},"1":{"start":{"line":3,"column":19},"end":{"line":7,"column":2}},"2":{"start":{"line":9,"column":24},"end":{"line":15,"column":53}},"3":{"start":{"line":17,"column":0},"end":{"line":17,"column":49}}},"fnMap":{},"branchMap":{},"s":{"0":3,"1":3,"2":3,"3":3},"f":{},"b":{},"_coverageSchema":"1a1c01bbd47fc00a2c39e90264f33305004495a9","hash":"207e92da7b8c892403ac77203d165d46be1b0bf1"}
,"/Users/kellichatelain/Library/Mobile Documents/com~apple~CloudDocs/Code The Dream/node-homework/validation/userSchema.js": {"path":"/Users/kellichatelain/Library/Mobile Documents/com~apple~CloudDocs/Code The Dream/node-homework/validation/userSchema.js","statementMap":{"0":{"start":{"line":1,"column":12},"end":{"line":1,"column":26}},"1":{"start":{"line":3,"column":19},"end":{"line":15,"column":2}},"2":{"start":{"line":17,"column":0},"end":{"line":17,"column":32}}},"fnMap":{},"branchMap":{},"s":{"0":3,"1":3,"2":3},"f":{},"b":{},"_coverageSchema":"1a1c01bbd47fc00a2c39e90264f33305004495a9","hash":"bd68eea1126f7149bb46ad30d0b8b22ee232dd7b"}
}
