TN:
SF:app.js
FN:33,(anonymous_0)
FN:37,(anonymous_1)
FN:43,(anonymous_2)
FN:70,(anonymous_3)
FN:74,(anonymous_4)
FN:86,shutdown
FN:93,(anonymous_6)
FN:94,(anonymous_7)
FN:111,(anonymous_8)
FN:112,(anonymous_9)
FNF:10
FNH:1
FNDA:0,(anonymous_0)
FNDA:0,(anonymous_1)
FNDA:0,(anonymous_2)
FNDA:1,(anonymous_3)
FNDA:0,(anonymous_4)
FNDA:0,shutdown
FNDA:0,(anonymous_6)
FNDA:0,(anonymous_7)
FNDA:0,(anonymous_8)
FNDA:0,(anonymous_9)
DA:1,1
DA:2,1
DA:3,1
DA:4,1
DA:5,1
DA:6,1
DA:7,1
DA:9,1
DA:11,1
DA:12,1
DA:13,1
DA:14,1
DA:15,1
DA:17,1
DA:24,1
DA:26,1
DA:27,1
DA:29,1
DA:31,1
DA:33,1
DA:34,0
DA:37,1
DA:38,0
DA:43,1
DA:44,0
DA:45,0
DA:46,0
DA:48,0
DA:54,1
DA:56,1
DA:58,1
DA:64,1
DA:66,1
DA:68,1
DA:70,1
DA:71,1
DA:74,1
DA:75,0
DA:76,0
DA:78,0
DA:80,0
DA:84,1
DA:87,0
DA:88,0
DA:90,0
DA:92,0
DA:93,0
DA:94,0
DA:95,0
DA:96,0
DA:99,0
DA:101,0
DA:102,0
DA:104,0
DA:105,0
DA:107,0
DA:111,1
DA:112,1
DA:114,1
LF:59
LH:35
BRDA:68,0,0,1
BRDA:68,0,1,1
BRDA:75,1,0,0
BRDA:75,1,1,0
BRDA:86,2,0,0
BRDA:87,3,0,0
BRDA:87,3,1,0
BRDA:95,4,0,0
BRDA:95,4,1,0
BRF:9
BRH:2
end_of_record
TN:
SF:controllers/analyticsController.js
FN:3,getUserAnalytics
FN:72,getUsersWithStats
FN:108,(anonymous_2)
FN:138,searchTasks
FNF:4
FNH:0
FNDA:0,getUserAnalytics
FNDA:0,getUsersWithStats
FNDA:0,(anonymous_2)
FNDA:0,searchTasks
DA:1,1
DA:5,0
DA:6,0
DA:8,0
DA:11,0
DA:16,0
DA:17,0
DA:21,0
DA:30,0
DA:51,0
DA:52,0
DA:55,0
DA:65,0
DA:75,0
DA:76,0
DA:78,0
DA:79,0
DA:84,0
DA:89,0
DA:108,0
DA:119,0
DA:123,0
DA:132,0
DA:139,0
DA:141,0
DA:142,0
DA:149,0
DA:153,0
DA:154,0
DA:155,0
DA:159,0
DA:186,0
DA:194,1
LF:33
LH:2
BRDA:6,0,0,0
BRDA:6,0,1,0
BRDA:16,1,0,0
BRDA:16,1,1,0
BRDA:75,2,0,0
BRDA:75,2,1,0
BRDA:76,3,0,0
BRDA:76,3,1,0
BRDA:78,4,0,0
BRDA:78,4,1,0
BRDA:78,5,0,0
BRDA:78,5,1,0
BRDA:78,5,2,0
BRDA:78,5,3,0
BRDA:78,5,4,0
BRDA:141,6,0,0
BRDA:141,6,1,0
BRDA:141,7,0,0
BRDA:141,7,1,0
BRDA:149,8,0,0
BRDA:149,8,1,0
BRF:21
BRH:0
end_of_record
TN:
SF:controllers/taskController.js
FN:14,(anonymous_0)
FN:40,create
FN:75,bulkCreate
FN:123,index
FN:219,show
FN:269,update
FN:313,deleteTask
FNF:7
FNH:6
FNDA:4,(anonymous_0)
FNDA:3,create
FNDA:0,bulkCreate
FNDA:5,index
FNDA:2,show
FNDA:2,update
FNDA:2,deleteTask
DA:1,2
DA:3,2
DA:14,2
DA:15,4
DA:22,4
DA:23,4
DA:25,4
DA:26,4
DA:28,0
DA:42,3
DA:43,3
DA:44,3
DA:45,0
DA:51,3
DA:53,3
DA:54,3
DA:59,2
DA:72,1
DA:76,0
DA:80,0
DA:81,0
DA:88,0
DA:89,0
DA:90,0
DA:91,0
DA:92,0
DA:98,0
DA:107,0
DA:108,0
DA:113,0
DA:119,0
DA:125,5
DA:126,5
DA:128,5
DA:129,0
DA:134,5
DA:136,5
DA:138,4
DA:139,0
DA:145,4
DA:146,0
DA:149,4
DA:153,0
DA:156,4
DA:157,0
DA:159,0
DA:160,0
DA:163,0
DA:164,0
DA:170,4
DA:191,4
DA:199,4
DA:208,4
DA:209,2
DA:212,2
DA:221,2
DA:223,2
DA:224,0
DA:229,2
DA:230,2
DA:231,2
DA:253,0
DA:254,0
DA:256,0
DA:260,2
DA:261,1
DA:266,1
DA:271,2
DA:272,2
DA:275,2
DA:276,0
DA:280,2
DA:282,2
DA:283,0
DA:290,2
DA:291,2
DA:292,2
DA:303,1
DA:304,1
DA:306,0
DA:310,1
DA:315,2
DA:317,2
DA:318,0
DA:323,2
DA:324,2
DA:325,2
DA:335,1
DA:336,1
DA:338,0
DA:342,1
DA:345,2
LF:92
LH:59
BRDA:22,0,0,4
BRDA:22,0,1,4
BRDA:23,1,0,0
BRDA:23,1,1,4
BRDA:25,2,0,4
BRDA:25,2,1,0
BRDA:42,3,0,0
BRDA:42,3,1,3
BRDA:44,4,0,0
BRDA:44,4,1,3
BRDA:80,5,0,0
BRDA:80,5,1,0
BRDA:80,6,0,0
BRDA:80,6,1,0
BRDA:80,6,2,0
BRDA:91,7,0,0
BRDA:91,7,1,0
BRDA:100,8,0,0
BRDA:100,8,1,0
BRDA:101,9,0,0
BRDA:101,9,1,0
BRDA:125,10,0,5
BRDA:125,10,1,5
BRDA:126,11,0,5
BRDA:126,11,1,5
BRDA:128,12,0,0
BRDA:128,12,1,5
BRDA:128,13,0,5
BRDA:128,13,1,5
BRDA:128,13,2,5
BRDA:128,13,3,5
BRDA:128,13,4,5
BRDA:138,14,0,0
BRDA:138,14,1,4
BRDA:145,15,0,0
BRDA:145,15,1,4
BRDA:149,16,0,0
BRDA:149,16,1,4
BRDA:150,17,0,4
BRDA:150,17,1,0
BRDA:156,18,0,0
BRDA:156,18,1,4
BRDA:156,19,0,4
BRDA:156,19,1,4
BRDA:159,20,0,0
BRDA:159,20,1,0
BRDA:163,21,0,0
BRDA:163,21,1,0
BRDA:208,22,0,2
BRDA:208,22,1,2
BRDA:223,23,0,0
BRDA:223,23,1,2
BRDA:253,24,0,0
BRDA:253,24,1,0
BRDA:260,25,0,1
BRDA:260,25,1,1
BRDA:271,26,0,0
BRDA:271,26,1,2
BRDA:275,27,0,0
BRDA:275,27,1,2
BRDA:282,28,0,0
BRDA:282,28,1,2
BRDA:303,29,0,1
BRDA:303,29,1,0
BRDA:317,30,0,0
BRDA:317,30,1,2
BRDA:335,31,0,1
BRDA:335,31,1,0
BRF:68
BRH:34
end_of_record
TN:
SF:controllers/userController.js
FN:11,(anonymous_0)
FN:19,(anonymous_1)
FN:30,hashPassword
FN:36,comparePassword
FN:43,register
FN:62,(anonymous_5)
FN:85,(anonymous_6)
FN:121,logon
FN:160,show
FN:195,logoff
FNF:10
FNH:9
FNDA:6,(anonymous_0)
FNDA:4,(anonymous_1)
FNDA:3,hashPassword
FNDA:3,comparePassword
FNDA:3,register
FNDA:3,(anonymous_5)
FNDA:6,(anonymous_6)
FNDA:3,logon
FNDA:0,show
FNDA:2,logoff
DA:1,2
DA:2,2
DA:3,2
DA:4,2
DA:6,2
DA:8,2
DA:9,2
DA:11,2
DA:12,6
DA:19,2
DA:21,4
DA:22,4
DA:24,4
DA:25,4
DA:31,3
DA:32,3
DA:33,3
DA:37,3
DA:38,3
DA:39,3
DA:40,3
DA:45,3
DA:46,3
DA:47,3
DA:48,0
DA:55,3
DA:57,3
DA:59,3
DA:61,3
DA:62,3
DA:64,3
DA:70,2
DA:79,2
DA:82,2
DA:85,6
DA:96,2
DA:99,2
DA:102,2
DA:103,2
DA:109,2
DA:111,1
DA:112,1
DA:116,0
DA:122,3
DA:124,3
DA:125,0
DA:128,3
DA:130,3
DA:139,3
DA:142,3
DA:146,3
DA:148,2
DA:150,2
DA:156,1
DA:161,0
DA:163,0
DA:164,0
DA:167,0
DA:188,0
DA:189,0
DA:192,0
DA:196,2
DA:197,2
DA:200,2
LF:64
LH:54
BRDA:45,0,0,0
BRDA:45,0,1,3
BRDA:47,1,0,0
BRDA:47,1,1,3
BRDA:111,2,0,1
BRDA:111,2,1,0
BRDA:111,3,0,1
BRDA:111,3,1,1
BRDA:124,4,0,0
BRDA:124,4,1,3
BRDA:124,5,0,3
BRDA:124,5,1,3
BRDA:142,6,0,3
BRDA:142,6,1,3
BRDA:146,7,0,2
BRDA:146,7,1,1
BRDA:163,8,0,0
BRDA:163,8,1,0
BRDA:188,9,0,0
BRDA:188,9,1,0
BRF:20
BRH:12
end_of_record
TN:
SF:db/prisma.js
FNF:0
FNH:0
DA:1,3
DA:4,3
DA:5,0
DA:7,3
DA:10,3
DA:12,3
LF:6
LH:5
BRDA:4,0,0,0
BRDA:4,0,1,3
BRDA:4,1,0,3
BRDA:4,1,1,3
BRF:4
BRH:3
end_of_record
TN:
SF:middleware/error-handler.js
FN:1,errorHandler
FNF:1
FNH:0
FNDA:0,errorHandler
DA:2,0
DA:3,0
DA:6,0
DA:8,0
DA:12,0
DA:15,1
LF:6
LH:1
BRDA:2,0,0,0
BRDA:2,0,1,0
BRDA:6,1,0,0
BRDA:6,1,1,0
BRDA:6,2,0,0
BRDA:6,2,1,0
BRF:6
BRH:0
end_of_record
TN:
SF:middleware/jwtMiddleware.js
FN:4,(anonymous_0)
FN:10,(anonymous_1)
FN:15,(anonymous_2)
FNF:3
FNH:3
FNDA:4,(anonymous_0)
FNDA:7,(anonymous_1)
FNDA:5,(anonymous_2)
DA:1,2
DA:2,2
DA:4,2
DA:5,4
DA:10,2
DA:11,7
DA:12,7
DA:13,2
DA:15,5
DA:17,5
DA:18,1
DA:20,4
DA:23,4
DA:24,3
DA:25,1
DA:28,3
LF:16
LH:16
BRDA:12,0,0,2
BRDA:12,0,1,5
BRDA:17,1,0,1
BRDA:17,1,1,4
BRDA:23,2,0,3
BRDA:23,2,1,1
BRDA:24,3,0,1
BRDA:24,3,1,2
BRF:8
BRH:8
end_of_record
TN:
SF:middleware/not-found.js
FN:1,notFound
FNF:1
FNH:0
FNDA:0,notFound
DA:2,0
DA:5,1
LF:2
LH:1
BRF:0
BRH:0
end_of_record
TN:
SF:routes/analyticsRoutes.js
FNF:0
FNH:0
DA:1,1
DA:2,1
DA:4,1
DA:6,1
DA:7,1
DA:8,1
DA:10,1
LF:7
LH:7
BRF:0
BRH:0
end_of_record
TN:
SF:routes/taskRoutes.js
FNF:0
FNH:0
DA:1,1
DA:2,1
DA:4,1
DA:6,1
DA:7,1
DA:8,1
DA:9,1
DA:10,1
DA:11,1
DA:13,1
LF:10
LH:10
BRF:0
BRH:0
end_of_record
TN:
SF:routes/userRoutes.js
FNF:0
FNH:0
DA:1,1
DA:2,1
DA:3,1
DA:5,1
DA:7,1
DA:8,1
DA:10,1
DA:11,1
DA:13,1
LF:9
LH:9
BRF:0
BRH:0
end_of_record
TN:
SF:test/waitForRouteHandlerCompletion.js
FN:1,(anonymous_0)
FN:3,(anonymous_1)
FN:4,(anonymous_2)
FN:8,(anonymous_3)
FNF:4
FNH:4
FNDA:22,(anonymous_0)
FNDA:22,(anonymous_1)
FNDA:3,(anonymous_2)
FNDA:18,(anonymous_3)
DA:1,2
DA:3,22
DA:4,22
DA:5,3
DA:6,1
DA:8,22
DA:9,18
DA:12,22
DA:13,21
DA:14,19
DA:17,2
LF:11
LH:11
BRDA:5,0,0,2
BRDA:5,0,1,1
BRF:2
BRH:2
end_of_record
TN:
SF:validation/taskSchema.js
FNF:0
FNH:0
DA:1,3
DA:3,3
DA:9,3
DA:17,3
LF:4
LH:4
BRF:0
BRH:0
end_of_record
TN:
SF:validation/userSchema.js
FNF:0
FNH:0
DA:1,3
DA:3,3
DA:17,3
LF:3
LH:3
BRF:0
BRH:0
end_of_record
